<?xml version="1.0" encoding="UTF-8"?>
<testsuite name="ohtuesimerkki.StatisticsTest" tests="6" skipped="0" failures="0" errors="0" timestamp="2020-02-21T11:26:55" hostname="LAPTOP-NL6RQU7Q" time="0.009">
  <properties/>
  <testcase name="joukkueenPelaajatLoytyy" classname="ohtuesimerkki.StatisticsTest" time="0.004"/>
  <testcase name="palauttaaNullKunPelaajaaEiLoydy" classname="ohtuesimerkki.StatisticsTest" time="0.0"/>
  <testcase name="palauttaaTyhjanListanKunJoukkuettaEiLoydy" classname="ohtuesimerkki.StatisticsTest" time="0.002"/>
  <testcase name="palauttaaParhaatKolme" classname="ohtuesimerkki.StatisticsTest" time="0.0"/>
  <testcase name="palauttaaParhaatNolla" classname="ohtuesimerkki.StatisticsTest" time="0.0"/>
  <testcase name="palauttaaOikeanPelaajan" classname="ohtuesimerkki.StatisticsTest" time="0.001"/>
  <system-out><![CDATA[]]></system-out>
  <system-err><![CDATA[]]></system-err>
</testsuite>
